Listing:

   1 MODULE RegexMatching;
   2 
   3 IMPORT RegexParser,FontsFont, texts, TextsCP;
   4 
   5 TYPE Regex=POINTER TO EXTENSIBLE RECORD (RegexParser.RegexType) END;
   6 
   7 VAR i:INTEGER;
   8         
   9         rch:texts.RichChar;
  10         (*tarString:POINTER TO ARRAY OF CHAR;*)
  11         sh:texts.Shared;
  12         
  13 PROCEDURE WriteMessage(str:ARRAY OF CHAR);
  14 BEGIN
  15         TextsCP.WriteString(str);
  16         TextsCP.WriteLn;
  17 END WriteMessage;
  18                 
  19 PROCEDURE WriteEntry(fromProcedure:ARRAY OF CHAR;ch:CHAR;i:INTEGER);
  20 
  21 
  22 BEGIN   
  23         TextsCP.WriteString(fromProcedure +" Entry:  ");                
  24         IF ch # 0X THEN TextsCP.Write(ch);
  25         END;
  26         
  27         IF i >= 0 THEN TextsCP.WriteString(" Position i: "); TextsCP.WriteInt(i,2);
  28         END;
  29         TextsCP.WriteLn();
  30 END WriteEntry;
  31 
  32 
  33 
  34 PROCEDURE WriteExit(fromProcedure:ARRAY OF CHAR;valResult:INTEGER;ch:CHAR;i:INTEGER);
  35 
  36 VAR res:ARRAY 10 OF CHAR; 
  37 BEGIN
  38         IF valResult=1  THEN res:="TRUE" ELSIF valResult=-1 THEN res:="FALSE" ELSE res:=""; END;
  39         TextsCP.WriteString(fromProcedure +" Exit: "+res+"  ");         
  40         IF ch # 0X THEN TextsCP.Write(ch);
  41         END;
  42         IF i >= 0 THEN TextsCP.WriteString(" Position i: ");TextsCP.WriteInt(i,2);
  43         END;
  44         TextsCP.WriteLn();
  45 END WriteExit;
  46 
  47 (*-------------------------Matching Procedures---------------------------*)
  48 
  49 PROCEDURE MatchNegRange(range:RegexParser.Range; VAR flag:BOOLEAN);
  50 BEGIN
  51         WriteMessage("MatchNegRange Entry");
  52         IF sh.backTrack THEN WriteMessage("MatchNegRange backTrack");RETURN END;
  53         REPEAT
  54                 flag:=((rch.ch<range.min) OR (rch.ch>range.max));
  55                 range:=range.next;
  56         UNTIL range=NIL;
  57         WriteMessage("MatchNegRange Exit");
  58 END MatchNegRange;
  59 
  60 PROCEDURE MatchRange(range:RegexParser.Range; VAR flag:BOOLEAN);
  61 BEGIN
  62         WriteEntry("MatchRange ",rch.ch,-1);
  63         IF sh.backTrack THEN RETURN END;
  64         LOOP
  65                 IF range=NIL THEN EXIT END;
  66                 TextsCP.WriteString("MatchRange range.min: "); 
  67                 TextsCP.Write(range.min);
  68                 TextsCP.WriteString(" MatchRange range.max: "); 
  69                 TextsCP.Write(range.max);
  70                 TextsCP.WriteLn();
  71                 flag:=((rch.ch>=range.min) & (rch.ch<=range.max));
  72                 IF flag=TRUE THEN EXIT;
  73                 ELSE range:=range.next 
  74                 END;
  75         END;
  76         (*  are there any  subRanges *)
  77         LOOP
  78                 IF range=NIL THEN EXIT END;
  79                 IF range.sub THEN EXIT END;
  80                 range:=range.next
  81         END;
  82         IF range#NIL THEN MatchNegRange(range,flag) END;
  83         
  84         WriteExit("MatchRange ch ",0,rch.ch,-1);
  85 END MatchRange; 
  86 
  87 
  88 
  89 PROCEDURE FontMatch(rch:texts.RichChar; regex:RegexParser.Regex):INTEGER;
  90 
  91         
  92 
  93 BEGIN
  94         IF regex.Font=NIL THEN RETURN 1 
  95         ELSIF FontsFont.Size(regex.Font,rch) & FontsFont.Style(regex.Font,rch) & 
  96                 FontsFont.Typeface(regex.Font,rch) &  
  97                 FontsFont.Weight(regex.Font,rch) & FontsFont.Color(regex.Font,rch) THEN
  98                 RETURN 1 
  99         ELSE RETURN -1
 100         END;
 101 END FontMatch;
 102 
 103 
 104 PROCEDURE MatchRegex(regex:RegexParser.Regex;resetPos:INTEGER;VAR flag:BOOLEAN);
**** ---------------------^
**** Warning: This variable is accessed from nested procedure
**** ---------------------------------------------^
**** Warning: This variable is accessed from nested procedure
**** Access to variable <regex> will be inefficient
**** Access to variable <resetPos> will be inefficient
 105 VAR  branch:RegexParser.Branch;
 106                 j:INTEGER (*ResetPosition*);
 107                 res:INTEGER;
 108         
 109         PROCEDURE MatchBranch(branch:RegexParser.Branch; VAR flag:BOOLEAN);
 110         VAR piece:RegexParser.Piece;
**** ------------^ Warning: This variable is accessed from nested procedure
**** Access to variable <piece> will be inefficient
 111         res:INTEGER;
 112         
 113                 PROCEDURE MatchPiece(piece:RegexParser.Piece; VAR flag:BOOLEAN);
 114                 VAR atom,temp_atom:RegexParser.Atom;
 115                                 min,max (* nr repetitions *),
 116                                 q (*counts number matches for quantified or for '*' or '+'*),
 117                                 j1:INTEGER (* interim value for i; formerly j; is named here j1 for
 118                                 difference with j in MatchRegex *);
 119                                 temp_flag:BOOLEAN;
 120                                 res:INTEGER;
 121                                 
 122                         PROCEDURE MatchAtom(atom:RegexParser.Atom; VAR flag:BOOLEAN);
 123                         VAR range:RegexParser.Range;res:INTEGER;
 124                         
 125                                 
 126                         BEGIN (* MatchAtom *)
 127                                 WriteEntry("MatchAtom ",' ',-1);
 128                                 IF sh.backTrack THEN 
 129                                         WriteMessage("MatchAtom sh.backTrack RETURN");
 130                                         RETURN 
 131                                 END;
 132                                 IF atom.range=NIL THEN  
 133                                         WriteMessage("MatchAtom range Nil vor MatchRegex");
 134                                         MatchRegex(atom.regex,resetPos,flag);
**** Warning: Non-local variable access here-----------------------^
 135                                 ELSE    
 136                                 
 137                                         rch := sh.getSym();
 138                                                         
 139                                         IF sh.backTrack THEN 
 140                                                 WriteMessage("MatchAtom sh.backtrack nach getSym");
 141                                                 RETURN 
 142                                         END;                    
 143                                         
 144                                         TextsCP.WriteString("MatchAtom getSym ch: ");
 145                                         TextsCP.Write(rch.ch); 
 146                                         TextsCP.WriteLn();
 147                                                 
 148                                         IF atom.range.pos THEN
 149                                                 WriteMessage("MatchAtom range.pos vor MatchRange");
 150                                                 MatchRange(atom.range,flag); 
 151                                                 WriteMessage("MatchAtom range.pos nach MatchRange");
 152                                         ELSE 
 153                                                 WriteMessage("MatchAtom vor MatchNegRange");
 154                                                 MatchNegRange(atom.range,flag);
 155                                         END;
 156                                 
 157                                 END;
 158                                 IF flag THEN 
 159                                         WriteMessage("MatchAtom vor FontMatch");
 160                                         res:= FontMatch(rch,regex);
**** Warning: Non-local variable access here---------------------^
 161                                         WriteMessage("MatchAtom nach FontMatch");
 162                                         flag:=res=1;                                    
 163                                 ELSE
 164                                         res:=-1;
 165                                 END;
 166                                 
 167                                 WriteExit("MatchAtom result, ch ",res,rch.ch,-1);
 168                         END MatchAtom;
 169                         
 170                 BEGIN (*MatchPiece*) (*hier Matching-Procedures aufrufen piece.MatchProcQuantified(piece,flag)*)
 171                         (*MatchProcOptional (?)*)
 172                         WriteEntry("MatchPiece ",0X,-1);
 173                         IF sh.backTrack THEN RETURN END;
 174                         flag:=FALSE;
 175                         temp_flag:=FALSE;
 176                         q:=0;
 177                         (* get value of i, needed in repeat loops down case 2 and case 3 *)
 178                         i := sh.getSharedText().getParsePos();
 179                         CASE piece.id OF 
 180                                 1:  (* question mark, '?', optional *)
 181                                         WriteMessage("MatchPiece Case 1 Optional");
 182                                 
 183                                         atom:=piece.atom;   
 184                                         min:=0;
 185                                         max:=1;
 186                                         WriteMessage("MatchPiece Case 1 Optional vor MatchAtom");
 187                                         MatchAtom(atom,flag);
 188                                         IF sh.backTrack THEN RETURN END;
 189                                         IF ~flag THEN flag:=TRUE;
 190                                                 IF atom.regex=NIL THEN DEC(i) END
 191                                         END; 
 192                                         sh.getSharedText().setParsePos(i);
 193                 
 194                                 |2: (* repetitions, quantified (???) *)
 195                                         WriteMessage("MatchPiece Case 2 Quantifier ");
 196                                         atom:=piece.atom;   (*Quantified*)
 197                                         min:=piece.min.val;
 198                                         max:=piece.max.val;
 199                                         TextsCP.WriteString("MatchPiece min");TextsCP.WriteInt(min,2);
 200                                         TextsCP.WriteString("MatchPiece max");TextsCP.WriteInt(max,2);
 201                                         q:=0;
 202                                         
 203                                         
 204                                         j1:=i;
 205                                         REPEAT 
 206                                                 WriteMessage("MatchPiece Case 2 quantified in Repeat vor MatchAtom");
 207                                                 MatchAtom(atom,flag);
 208                                                 i:=sh.getSharedText().getParsePos();
 209                                                 IF sh.backTrack THEN 
 210                                                         WriteMessage("MatchPiece in Repeat sh.backTrack");
 211                                                         RETURN 
 212                                                 END;
 213                                                 IF flag THEN INC(q) END;
 214                                         UNTIL (~flag) OR (q=max);
 215                                         IF ~flag & (q>=min) THEN flag:=TRUE; 
 216                                                 IF atom.regex=NIL THEN DEC(i) END 
 217                                         END;
 218                                         sh.getSharedText().setParsePos(i);
 219                                         
 220                                 |3: (* asterisk('*' ) or plus('+') *)
 221                                         WriteMessage("MatchPiece Case 3 * or + ");
 222                                         atom:=piece.atom; (*Unbounded*) (*max=NIL*)
 223                                         temp_atom:=piece.suc.atom;
 224                                         min:=piece.min.val;
 225                                         REPEAT 
 226                                                 WriteMessage("MatchPiece case 3 * or + in Repeat vor MatchAtom 1");
 227                                                 MatchAtom(atom,flag);
 228                                                 IF sh.backTrack THEN RETURN END;
 229                                                 i:=sh.getSharedText().getParsePos();
 230                                                 (* j1: save increased i before decreasing;reset
 231                                                 parsePosition *)
 232                                                 j1:=i;
 233                                                 DEC(i); 
 234                                                 sh.getSharedText().setParsePos(i);
 235                                                 WriteMessage("MatchPiece case 3 * or + in Repeat vor MatchAtom 2");
 236                                                 
 237                                                 MatchAtom(temp_atom,temp_flag);
 238                                                 i := sh.getSharedText().getParsePos();
 239                                                 IF temp_atom.regex#NIL THEN i:=j1; 
 240                                                         sh.getSharedText().setParsePos(i);
 241                                                 END;
 242                                                 IF flag THEN INC(q) END;
 243                                                 IF temp_flag THEN DEC(q); flag:=FALSE END;
 244                                         UNTIL (~flag);
 245                                         IF ~flag & (q>=min) THEN flag:=TRUE; 
 246                                                 IF atom.regex=NIL THEN DEC(i) END 
 247                                         END;
 248                                         (*                                                        *)
 249                                         sh.getSharedText().setParsePos(i);
 250                 
 251                         END (*end-case*);
 252                         IF sh.backTrack THEN RETURN 
 253                         END;
 254                         IF flag THEN res:=1 ELSE res:=-1;
 255                         END;
 256                         
 257                         WriteExit("MatchPiece: ",res,rch.ch,i);
 258                 END MatchPiece; 
 259                 
 260                 PROCEDURE Final():BOOLEAN;
 261                 (* JR to be refined ? *)
 262                 BEGIN
 263                         IF sh.backTrack THEN RETURN FALSE END;
 264                         IF piece.suc=NIL THEN
**** ---------------------------^ Warning: Non-local variable access here
 265                                 IF piece.atom # NIL THEN
**** -----------------------------------^
**** Warning: Non-local variable access here
 266                                         IF piece.atom.range#NIL THEN
**** Warning: Non-local variable access here----^
 267                                                 IF (piece.atom.range.min=0X) & (piece.atom.range.max=0X) THEN RETURN TRUE;
**** Warning: Non-local variable access here-------------^
**** Warning: Non-local variable access here-----------------------------------------^
 268                                                 END;
 269                                         END;
 270                                 END;                                    
 271                         END;
 272                         RETURN FALSE;
 273                 END Final;
 274                 
 275         BEGIN (*MatchBranch*)
 276                 WriteEntry("MatchBranch ",0X,-1);
 277                 
 278                 piece:=branch.piece;
 279                 LOOP 
 280                         IF (piece=NIL) OR Final()(*JR*) THEN  EXIT; (*alle Pieces abgearbeitet und ganzen String*)
 281                         END;
 282                         WriteMessage("matchBranch vor MatchPiece in Loop");
 283                         MatchPiece(piece,flag);
 284                         WriteMessage("matchBranch nach MatchPiece in Loop");
 285                         IF sh.backTrack THEN RETURN 
 286                         END;
 287                         IF flag THEN  piece:=piece.suc; 
 288                                 
 289                         ELSE EXIT 
 290                         END;
 291                 END;
 292                 IF flag THEN res:=1 ELSE res:=-1;
 293                 END;
 294                 WriteExit("MatchBranch ch ",res,rch.ch,-1);
 295         END MatchBranch;
 296 
 297 (*TODO reset???*)
 298 BEGIN (*MatchRegex*)
 299         j:=i; (* save position *)
 300         WriteEntry("MatchRegex ch  i (= j): ",' ',i);
 301         branch:=regex.branch;
 302         
 303         LOOP
 304                 IF (branch=NIL) THEN EXIT END; 
 305                 MatchBranch(branch,flag);
 306                 IF sh.backTrack THEN RETURN END;
 307                 IF flag THEN EXIT;
 308                 ELSE 
 309                         
 310                         (*      
 311                                 Out.String("MatchRegex: Branch False  j= ");
 312                         Out.Int(j,2);Out.String("ch=");Out.Char(ch);Out.Ln();
 313                         
 314                         *)
 315                         
 316                         TextsCP.WriteLn();TextsCP.WriteString("MatchRegex Branch false j:");
 317                         TextsCP.WriteInt(j,2);TextsCP.WriteString(" ch=");
 318                         TextsCP.Write(rch.ch);TextsCP.WriteLn();
 319                         (* reset,
 320                         toDo parsePos*)
 321                         i:=j;
 322                         (*        ch:=tarString[i];     *)
 323                         (*****************
 324                         ch := GetCharAtPos(i,sh); 
 325                         ***************************)
 326                         (*sh.getCharAtTextPos(i);*)
 327                         IF sh.backTrack THEN RETURN END;
 328                         branch:=branch.alt
 329                 END
 330         END;
 331         IF flag THEN res:=1 ELSE res:=-1;END;
 332         WriteExit("MatchRegex ch ",res,rch.ch,i);
 333 END MatchRegex;
 334                                 
 335 PROCEDURE Match*(regex:RegexParser.Regex;target:POINTER TO ARRAY OF CHAR):BOOLEAN;
 336 VAR flag:BOOLEAN; branch:RegexParser.Branch;dummy:INTEGER;
 337 BEGIN
 338 
 339         (*___________________________________________
 340         (*tarString:=target;*)
 341         
 342         flag:=FALSE;
 343         i:=0;
 344         (*ch:=tarString[i];*)
 345         dummy:=0;
 346         MatchRegex(regex,dummy,flag);
 347         IF sh.backTrack THEN i:=0; RETURN FALSE END;
 348         IF ch#0X THEN (*ch:=tarString[i]*) ch:=0X; END;
 349         IF (flag) & (ch#0X) THEN flag:=FALSE END;
 350         RETURN flag
 351         -----------------------------------------*)
 352         RETURN FALSE;
 353 END Match; 
 354 
 355 (* called from ebnf-parser *)
 356 PROCEDURE EditMatch*(regex:RegexParser.Regex;shared:texts.Shared):BOOLEAN;
 357 VAR flag:BOOLEAN;
 358 BEGIN
 359         WriteEntry("RegexMatching.EditMatch ",0X,-1);
 360         flag:=FALSE;
 361         sh:=shared;
 362         
 363         i:=shared.getSharedText().getParsePos();
 364         
 365         TextsCP.WriteString("RegexMatching.EditMatch i: ");
 366         TextsCP.WriteInt(i,2);
 367         TextsCP.WriteLn;
 368         
 369         TextsCP.WriteString("RegexMatching.EditMatch TextLen: ");
 370         TextsCP.WriteInt(shared.getSharedText().getTextLen(),2);
 371         TextsCP.WriteLn;
 372         MatchRegex(regex,i,flag);
 373         IF sh.backTrack THEN i:=0; 
 374                 (* reset todo*)
 375                 TextsCP.WriteString("RegexMatching Return false ");
 376                 TextsCP.WriteLn;
 377                 RETURN FALSE; 
 378         END;
 379         TextsCP.WriteString("RegexMatching Return flag ");
 380         IF flag THEN TextsCP.WriteString("True ")
 381         ELSE TextsCP.WriteString("False ");
 382         END;
 383         TextsCP.WriteLn;
 384         RETURN flag;
 385         
 386 END EditMatch;
 387 
 388 
 389 
 390 END RegexMatching.

There were: No errors, and  10 warnings


